<?xml version="1.0" encoding="UTF-8"?>
<testng-results ignored="0" total="1" passed="1" failed="0" skipped="0">
  <reporter-output>
  </reporter-output>
  <suite started-at="2024-09-19T13:19:14 IST" name="Default suite" finished-at="2024-09-19T13:19:17 IST" duration-ms="2962">
    <groups>
    </groups>
    <test started-at="2024-09-19T13:19:14 IST" name="Default test" finished-at="2024-09-19T13:19:17 IST" duration-ms="2962">
      <class name="session03.Test_PostMethod">
        <test-method signature="test03()[pri:0, instance:session03.Test_PostMethod@6b81ce95]" started-at="2024-09-19T13:19:14 IST" name="test03" finished-at="2024-09-19T13:19:17 IST" duration-ms="2877" status="PASS">
          <reporter-output>
          </reporter-output>
        </test-method> <!-- test03 -->
      </class> <!-- session03.Test_PostMethod -->
    </test> <!-- Default test -->
  </suite> <!-- Default suite -->
</testng-results>
